<?xml version="1.0" encoding="UTF-8"?>
<robot generator="Robot 6.0.2 (Python 3.10.6 on linux)" generated="20230220 11:15:50.162" rpa="false" schemaversion="3">
<suite id="s1" name="Login" source="/home/irene-mukii/Soft. Eng./QA&amp;testing/herokuapp-testing/login.robot">
<test id="s1-t1" name="Welcome page should be visible after successful login" line="50">
<kw name="Open Browser To Login Page">
<kw name="New Browser" library="Browser">
<arg>headless=${FALSE}</arg>
<tag>BrowserControl</tag>
<tag>Setter</tag>
<doc>Create a new playwright Browser with specified options.</doc>
<msg timestamp="20230220 11:15:50.620" level="INFO">{"browser": "chromium", "headless": false, "devtools": false, "handleSIGHUP": true, "handleSIGINT": true, "handleSIGTERM": true, "slowMo": 0.0, "timeout": 30000.0, "deprecated_pos_args": [], "tracesDir": "/home/irene-mukii/Soft. Eng./QA&amp;testing/herokuapp-testing/browser/traces/1a8b0706-c8bb-4a59-b81d-c2e8e660d2b5"}</msg>
<msg timestamp="20230220 11:15:50.818" level="INFO">Successfully created browser with options: {"browser":"chromium","headless":false,"devtools":false,"handleSIGHUP":true,"handleSIGINT":true,"handleSIGTERM":true,"slowMo":0,"timeout":30000,"deprecated_pos_args":[],"tracesDir":"/home/irene-mukii/Soft. Eng./QA&amp;testing/herokuapp-testing/browser/traces/1a8b0706-c8bb-4a59-b81d-c2e8e660d2b5"}</msg>
<status status="PASS" starttime="20230220 11:15:50.620" endtime="20230220 11:15:50.818"/>
</kw>
<kw name="New Page" library="Browser">
<arg>${URL}/login</arg>
<tag>BrowserControl</tag>
<tag>Setter</tag>
<doc>Open a new Page.</doc>
<msg timestamp="20230220 11:15:56.846" level="INFO">Successfully initialized new page object and opened url: https://the-internet.herokuapp.com/login</msg>
<msg timestamp="20230220 11:15:56.847" level="INFO">No context was open. New context was automatically opened when this page is created.</msg>
<status status="PASS" starttime="20230220 11:15:50.819" endtime="20230220 11:15:56.847"/>
</kw>
<status status="PASS" starttime="20230220 11:15:50.619" endtime="20230220 11:15:56.848"/>
</kw>
<kw name="Enter Username">
<arg>${USERNAME}</arg>
<kw name="Fill Text" library="Browser">
<arg>id=username</arg>
<arg>${username}</arg>
<tag>PageContent</tag>
<tag>Setter</tag>
<doc>Clears and fills the given ``txt`` into the text field found by ``selector``.</doc>
<msg timestamp="20230220 11:15:56.850" level="INFO">Fills the text 'tomsmith' in the given field.</msg>
<status status="PASS" starttime="20230220 11:15:56.849" endtime="20230220 11:15:56.899"/>
</kw>
<status status="PASS" starttime="20230220 11:15:56.848" endtime="20230220 11:15:56.899"/>
</kw>
<kw name="Enter Password">
<arg>${PASSWORD}</arg>
<kw name="Fill Secret" library="Browser">
<arg>input#password</arg>
<arg>$password</arg>
<tag>PageContent</tag>
<tag>Setter</tag>
<doc>Fills the given secret from ``variable_name`` into the
text field found by ``selector``.</doc>
<status status="PASS" starttime="20230220 11:15:56.900" endtime="20230220 11:15:56.925"/>
</kw>
<status status="PASS" starttime="20230220 11:15:56.899" endtime="20230220 11:15:56.926"/>
</kw>
<kw name="Submit Login Form">
<kw name="Click" library="Browser">
<arg>button.radius</arg>
<tag>PageContent</tag>
<tag>Setter</tag>
<doc>Simulates mouse click on the element found by ``selector``.</doc>
<status status="PASS" starttime="20230220 11:15:56.926" endtime="20230220 11:15:57.578"/>
</kw>
<status status="PASS" starttime="20230220 11:15:56.926" endtime="20230220 11:15:57.578"/>
</kw>
<kw name="Verify That Welcome Page Is Visible">
<kw name="Get Text" library="Browser">
<arg>body</arg>
<arg>contains</arg>
<arg>Welcome</arg>
<tag>Assertion</tag>
<tag>Getter</tag>
<tag>PageContent</tag>
<doc>Returns text attribute of the element found by ``selector``.</doc>
<status status="PASS" starttime="20230220 11:15:57.579" endtime="20230220 11:15:57.624"/>
</kw>
<kw name="Get Url" library="Browser">
<arg>==</arg>
<arg>${URL}/secure</arg>
<tag>Assertion</tag>
<tag>Getter</tag>
<tag>PageContent</tag>
<doc>Returns the current URL.</doc>
<status status="PASS" starttime="20230220 11:15:57.625" endtime="20230220 11:15:57.628"/>
</kw>
<status status="PASS" starttime="20230220 11:15:57.578" endtime="20230220 11:15:57.628"/>
</kw>
<kw name="Do Successful Logout" type="TEARDOWN">
<kw name="Click" library="Browser">
<arg>a.button</arg>
<tag>PageContent</tag>
<tag>Setter</tag>
<doc>Simulates mouse click on the element found by ``selector``.</doc>
<status status="PASS" starttime="20230220 11:15:57.629" endtime="20230220 11:15:58.214"/>
</kw>
<status status="PASS" starttime="20230220 11:15:57.628" endtime="20230220 11:15:58.214"/>
</kw>
<status status="PASS" starttime="20230220 11:15:50.617" endtime="20230220 11:15:58.215"/>
</test>
<test id="s1-t2" name="Login Form Should Be Visible After Successful Logout" line="58">
<kw name="Do Successful Login" type="SETUP">
<kw name="Open Browser To Login Page">
<kw name="New Browser" library="Browser">
<arg>headless=${FALSE}</arg>
<tag>BrowserControl</tag>
<tag>Setter</tag>
<doc>Create a new playwright Browser with specified options.</doc>
<msg timestamp="20230220 11:15:58.283" level="INFO">{"browser": "chromium", "headless": false, "devtools": false, "handleSIGHUP": true, "handleSIGINT": true, "handleSIGTERM": true, "slowMo": 0.0, "timeout": 30000.0, "deprecated_pos_args": [], "tracesDir": "/home/irene-mukii/Soft. Eng./QA&amp;testing/herokuapp-testing/browser/traces/05abad78-94fc-489d-90d2-e4dfeb3f0156"}</msg>
<msg timestamp="20230220 11:15:58.567" level="INFO">Successfully created browser with options: {"browser":"chromium","headless":false,"devtools":false,"handleSIGHUP":true,"handleSIGINT":true,"handleSIGTERM":true,"slowMo":0,"timeout":30000,"deprecated_pos_args":[],"tracesDir":"/home/irene-mukii/Soft. Eng./QA&amp;testing/herokuapp-testing/browser/traces/05abad78-94fc-489d-90d2-e4dfeb3f0156"}</msg>
<status status="PASS" starttime="20230220 11:15:58.283" endtime="20230220 11:15:58.567"/>
</kw>
<kw name="New Page" library="Browser">
<arg>${URL}/login</arg>
<tag>BrowserControl</tag>
<tag>Setter</tag>
<doc>Open a new Page.</doc>
<msg timestamp="20230220 11:16:06.740" level="INFO">Successfully initialized new page object and opened url: https://the-internet.herokuapp.com/login</msg>
<msg timestamp="20230220 11:16:06.741" level="INFO">No context was open. New context was automatically opened when this page is created.</msg>
<status status="PASS" starttime="20230220 11:15:58.567" endtime="20230220 11:16:06.741"/>
</kw>
<status status="PASS" starttime="20230220 11:15:58.283" endtime="20230220 11:16:06.741"/>
</kw>
<kw name="Enter Username">
<arg>${USERNAME}</arg>
<kw name="Fill Text" library="Browser">
<arg>id=username</arg>
<arg>${username}</arg>
<tag>PageContent</tag>
<tag>Setter</tag>
<doc>Clears and fills the given ``txt`` into the text field found by ``selector``.</doc>
<msg timestamp="20230220 11:16:06.743" level="INFO">Fills the text 'tomsmith' in the given field.</msg>
<status status="PASS" starttime="20230220 11:16:06.742" endtime="20230220 11:16:06.770"/>
</kw>
<status status="PASS" starttime="20230220 11:16:06.742" endtime="20230220 11:16:06.770"/>
</kw>
<kw name="Enter Password">
<arg>${PASSWORD}</arg>
<kw name="Fill Secret" library="Browser">
<arg>input#password</arg>
<arg>$password</arg>
<tag>PageContent</tag>
<tag>Setter</tag>
<doc>Fills the given secret from ``variable_name`` into the
text field found by ``selector``.</doc>
<status status="PASS" starttime="20230220 11:16:06.771" endtime="20230220 11:16:06.786"/>
</kw>
<status status="PASS" starttime="20230220 11:16:06.771" endtime="20230220 11:16:06.786"/>
</kw>
<kw name="Submit Login Form">
<kw name="Click" library="Browser">
<arg>button.radius</arg>
<tag>PageContent</tag>
<tag>Setter</tag>
<doc>Simulates mouse click on the element found by ``selector``.</doc>
<status status="PASS" starttime="20230220 11:16:06.787" endtime="20230220 11:16:07.420"/>
</kw>
<status status="PASS" starttime="20230220 11:16:06.786" endtime="20230220 11:16:07.420"/>
</kw>
<status status="PASS" starttime="20230220 11:15:58.282" endtime="20230220 11:16:07.420"/>
</kw>
<kw name="Verify That Welcome Page Is Visible">
<kw name="Get Text" library="Browser">
<arg>body</arg>
<arg>contains</arg>
<arg>Welcome</arg>
<tag>Assertion</tag>
<tag>Getter</tag>
<tag>PageContent</tag>
<doc>Returns text attribute of the element found by ``selector``.</doc>
<status status="PASS" starttime="20230220 11:16:07.421" endtime="20230220 11:16:07.466"/>
</kw>
<kw name="Get Url" library="Browser">
<arg>==</arg>
<arg>${URL}/secure</arg>
<tag>Assertion</tag>
<tag>Getter</tag>
<tag>PageContent</tag>
<doc>Returns the current URL.</doc>
<status status="PASS" starttime="20230220 11:16:07.466" endtime="20230220 11:16:07.468"/>
</kw>
<status status="PASS" starttime="20230220 11:16:07.420" endtime="20230220 11:16:07.468"/>
</kw>
<kw name="Do Successful Logout">
<kw name="Click" library="Browser">
<arg>a.button</arg>
<tag>PageContent</tag>
<tag>Setter</tag>
<doc>Simulates mouse click on the element found by ``selector``.</doc>
<status status="PASS" starttime="20230220 11:16:07.469" endtime="20230220 11:16:08.037"/>
</kw>
<status status="PASS" starttime="20230220 11:16:07.468" endtime="20230220 11:16:08.037"/>
</kw>
<kw name="Verify That Login Page Is Visible">
<kw name="Get Url" library="Browser">
<arg>==</arg>
<arg>${URL}/login</arg>
<tag>Assertion</tag>
<tag>Getter</tag>
<tag>PageContent</tag>
<doc>Returns the current URL.</doc>
<status status="PASS" starttime="20230220 11:16:08.039" endtime="20230220 11:16:08.041"/>
</kw>
<status status="PASS" starttime="20230220 11:16:08.038" endtime="20230220 11:16:08.041"/>
</kw>
<status status="PASS" starttime="20230220 11:15:58.278" endtime="20230220 11:16:08.042"/>
</test>
<status status="PASS" starttime="20230220 11:15:50.163" endtime="20230220 11:16:08.133"/>
</suite>
<statistics>
<total>
<stat pass="2" fail="0" skip="0">All Tests</stat>
</total>
<tag>
</tag>
<suite>
<stat pass="2" fail="0" skip="0" id="s1" name="Login">Login</stat>
</suite>
</statistics>
<errors>
<msg timestamp="20230220 11:15:50.160" level="ERROR">Error in file '/home/irene-mukii/Soft. Eng./QA&amp;testing/herokuapp-testing/login.robot' on line 4: Non-existing setting 'Set Browser Timeout'.</msg>
</errors>
</robot>
